* using log directory 'D:/Study/UI/MyPackage/antedep/antedep/antedep.Rcheck'
* using R version 4.5.2 (2025-10-31 ucrt)
* using platform: x86_64-w64-mingw32
* R was compiled by
    gcc.exe (GCC) 14.3.0
    GNU Fortran (GCC) 14.3.0
* running under: Windows 11 x64 (build 26200)
* using session charset: UTF-8
* using options '--no-tests --no-manual --ignore-vignettes'
* checking for file 'antedep/DESCRIPTION' ... OK
* this is package 'antedep' version '0.1.0'
* package encoding: UTF-8
* checking package namespace information ... OK
* checking package dependencies ... OK
* checking if this is a source package ... OK
* checking if there is a namespace ... OK
* checking for .dll and .exe files ... OK
* checking for hidden files and directories ... OK
* checking for portable file names ... OK
* checking whether package 'antedep' can be installed ... OK
* checking package directory ... OK
* checking DESCRIPTION meta-information ... OK
* checking top-level files ... OK
* checking for left-over files ... OK
* checking index information ... OK
* checking package subdirectories ... OK
* checking code files for non-ASCII characters ... OK
* checking R files for syntax errors ... OK
* checking whether the package can be loaded ... OK
* checking whether the package can be loaded with stated dependencies ... OK
* checking whether the package can be unloaded cleanly ... OK
* checking whether the namespace can be loaded with stated dependencies ... OK
* checking whether the namespace can be unloaded cleanly ... OK
* checking loading without being on the library search path ... OK
* checking dependencies in R code ... OK
* checking S3 generic/method consistency ... OK
* checking replacement functions ... OK
* checking foreign function calls ... OK
* checking R code for possible problems ... OK
* checking for missing documentation entries ... WARNING
Undocumented code objects:
  'aic_cat' 'bic_ad' 'bic_cat' 'bic_inad' 'bic_order_ad'
  'bic_order_cat' 'bic_order_inad' 'bolus_inad' 'ci_cat' 'ci_inad'
  'dbell' 'em_inad' 'fit_ad' 'fit_cat' 'fit_inad' 'logL_ad' 'logL_cat'
  'logL_inad' 'logL_inad_i' 'lrt_contrast_ad' 'lrt_homogeneity_ad'
  'lrt_homogeneity_cat' 'lrt_homogeneity_inad' 'lrt_one_sample_ad'
  'lrt_order_ad' 'lrt_order_cat' 'lrt_order_inad'
  'lrt_stationarity_cat' 'lrt_stationarity_inad'
  'lrt_timeinvariance_cat' 'lrt_two_sample_ad' 'partial_corr' 'pbell'
  'plot_prism' 'plot_profile' 'qbell' 'rbell'
  'run_homogeneity_tests_inad' 'run_order_tests_cat'
  'run_stationarity_tests_cat' 'run_stationarity_tests_inad'
  'simulate_ad' 'simulate_cat' 'simulate_inad'
Undocumented data sets:
  'bolus_inad'
All user-level objects in a package should have documentation entries.
See chapter 'Writing R documentation files' in the 'Writing R
Extensions' manual.
* checking contents of 'data' directory ... OK
* checking data for non-ASCII characters ... OK
* checking LazyData ... OK
* checking data for ASCII and uncompressed saves ... OK
* checking files in 'vignettes' ... SKIPPED
* checking examples ... NONE
* checking for unstated dependencies in 'tests' ... OK
* checking tests ... SKIPPED
* DONE
Status: 1 WARNING
